#! /c/Source/iverilog-install/bin/vvp
:ivl_version "12.0 (devel)" "(s20150603-1539-g2693dd32b)";
:ivl_delay_selection "TYPICAL";
:vpi_time_precision - 12;
:vpi_module "C:\iverilog\lib\ivl\system.vpi";
:vpi_module "C:\iverilog\lib\ivl\vhdl_sys.vpi";
:vpi_module "C:\iverilog\lib\ivl\vhdl_textio.vpi";
:vpi_module "C:\iverilog\lib\ivl\v2005_math.vpi";
:vpi_module "C:\iverilog\lib\ivl\va_math.vpi";
S_000002024532dce0 .scope module, "mux4_tb" "mux4_tb" 2 4;
 .timescale -9 -12;
P_000002024532b240 .param/l "WIDTH" 1 2 6, +C4<00000000000000000000000000001000>;
v0000020245244280_0 .var "d0_i", 7 0;
v0000020245244320_0 .var "d1_i", 7 0;
v00000202452443c0_0 .var "d2_i", 7 0;
v0000020245244460_0 .var "d3_i", 7 0;
v0000020245244500_0 .net "res_o", 7 0, L_0000020245249e50;  1 drivers
v00000202452445a0_0 .var "sel_i", 1 0;
S_000002024532de70 .scope module, "mux4_inst" "mux4" 2 19, 3 2 0, S_000002024532dce0;
 .timescale 0 0;
    .port_info 0 /INPUT 8 "d0_i";
    .port_info 1 /INPUT 8 "d1_i";
    .port_info 2 /INPUT 8 "d2_i";
    .port_info 3 /INPUT 8 "d3_i";
    .port_info 4 /INPUT 2 "sel_i";
    .port_info 5 /OUTPUT 8 "res_o";
P_000002024532a900 .param/l "WIDTH" 0 3 3, +C4<00000000000000000000000000001000>;
L_0000020245249e50 .functor BUFZ 8, v00000202452440a0_0, C4<00000000>, C4<00000000>, C4<00000000>;
v00000202452136c0_0 .net "d0_i", 7 0, v0000020245244280_0;  1 drivers
v000002024532bcd0_0 .net "d1_i", 7 0, v0000020245244320_0;  1 drivers
v000002024532e000_0 .net "d2_i", 7 0, v00000202452443c0_0;  1 drivers
v000002024532e0a0_0 .net "d3_i", 7 0, v0000020245244460_0;  1 drivers
v00000202452440a0_0 .var "res_internal", 7 0;
v0000020245244140_0 .net "res_o", 7 0, L_0000020245249e50;  alias, 1 drivers
v00000202452441e0_0 .net "sel_i", 1 0, v00000202452445a0_0;  1 drivers
E_000002024532aa40/0 .event anyedge, v00000202452441e0_0, v00000202452136c0_0, v000002024532bcd0_0, v000002024532e000_0;
E_000002024532aa40/1 .event anyedge, v000002024532e0a0_0;
E_000002024532aa40 .event/or E_000002024532aa40/0, E_000002024532aa40/1;
    .scope S_000002024532de70;
T_0 ;
    %wait E_000002024532aa40;
    %pushi/vec4 0, 0, 8;
    %store/vec4 v00000202452440a0_0, 0, 8;
    %load/vec4 v00000202452441e0_0;
    %dup/vec4;
    %pushi/vec4 0, 0, 2;
    %cmp/u;
    %jmp/1 T_0.0, 6;
    %dup/vec4;
    %pushi/vec4 1, 0, 2;
    %cmp/u;
    %jmp/1 T_0.1, 6;
    %dup/vec4;
    %pushi/vec4 2, 0, 2;
    %cmp/u;
    %jmp/1 T_0.2, 6;
    %dup/vec4;
    %pushi/vec4 3, 0, 2;
    %cmp/u;
    %jmp/1 T_0.3, 6;
    %jmp T_0.4;
T_0.0 ;
    %load/vec4 v00000202452136c0_0;
    %store/vec4 v00000202452440a0_0, 0, 8;
    %jmp T_0.4;
T_0.1 ;
    %load/vec4 v000002024532bcd0_0;
    %store/vec4 v00000202452440a0_0, 0, 8;
    %jmp T_0.4;
T_0.2 ;
    %load/vec4 v000002024532e000_0;
    %store/vec4 v00000202452440a0_0, 0, 8;
    %jmp T_0.4;
T_0.3 ;
    %load/vec4 v000002024532e0a0_0;
    %store/vec4 v00000202452440a0_0, 0, 8;
    %jmp T_0.4;
T_0.4 ;
    %pop/vec4 1;
    %jmp T_0;
    .thread T_0, $push;
    .scope S_000002024532dce0;
T_1 ;
    %vpi_call 2 29 "$dumpvars" {0 0 0};
    %pushi/vec4 170, 0, 8;
    %store/vec4 v0000020245244280_0, 0, 8;
    %pushi/vec4 187, 0, 8;
    %store/vec4 v0000020245244320_0, 0, 8;
    %pushi/vec4 204, 0, 8;
    %store/vec4 v00000202452443c0_0, 0, 8;
    %pushi/vec4 221, 0, 8;
    %store/vec4 v0000020245244460_0, 0, 8;
    %pushi/vec4 0, 0, 2;
    %store/vec4 v00000202452445a0_0, 0, 2;
    %delay 10000, 0;
    %pushi/vec4 1, 0, 2;
    %store/vec4 v00000202452445a0_0, 0, 2;
    %delay 10000, 0;
    %pushi/vec4 2, 0, 2;
    %store/vec4 v00000202452445a0_0, 0, 2;
    %delay 10000, 0;
    %pushi/vec4 3, 0, 2;
    %store/vec4 v00000202452445a0_0, 0, 2;
    %delay 10000, 0;
    %vpi_call 2 42 "$finish" {0 0 0};
    %end;
    .thread T_1;
# The file index is used to find the file name in the following table.
:file_names 4;
    "N/A";
    "<interactive>";
    "C:\Users\User\Documents\GitHub\Sber\second task\mux4_testbench.v";
    "C:\Users\User\Documents\GitHub\Sber\second task\mux4.v";
