#! /c/Source/iverilog-install/bin/vvp
:ivl_version "12.0 (devel)" "(s20150603-1539-g2693dd32b)";
:ivl_delay_selection "TYPICAL";
:vpi_time_precision - 12;
:vpi_module "C:\iverilog\lib\ivl\system.vpi";
:vpi_module "C:\iverilog\lib\ivl\vhdl_sys.vpi";
:vpi_module "C:\iverilog\lib\ivl\vhdl_textio.vpi";
:vpi_module "C:\iverilog\lib\ivl\v2005_math.vpi";
:vpi_module "C:\iverilog\lib\ivl\va_math.vpi";
S_000001ea667e86c0 .scope module, "tb_alu_register" "tb_alu_register" 2 3;
 .timescale -9 -12;
P_000001ea667d5430 .param/l "WIDTH" 0 2 4, +C4<00000000000000000000000000001000>;
v000001ea667e4960_0 .var "clk", 0 0;
v000001ea667e4a00_0 .var "first", 7 0;
v000001ea667e4aa0_0 .var "opcode", 2 0;
v000001ea667e4b40_0 .net "result", 7 0, L_000001ea6679ad70;  1 drivers
v000001ea667e4be0_0 .var "rst", 0 0;
v000001ea667e4c80_0 .var "second", 7 0;
S_000001ea667e8850 .scope module, "dut" "alu_register" 2 10, 3 1 0, S_000001ea667e86c0;
 .timescale 0 0;
    .port_info 0 /INPUT 1 "clk_i";
    .port_info 1 /INPUT 1 "rst_i";
    .port_info 2 /INPUT 8 "first_i";
    .port_info 3 /INPUT 8 "second_i";
    .port_info 4 /INPUT 3 "opcode_i";
    .port_info 5 /OUTPUT 8 "result_o";
P_000001ea667d54b0 .param/l "WIDTH" 0 3 2, +C4<00000000000000000000000000001000>;
L_000001ea6679ad70 .functor BUFZ 8, v000001ea667e89e0_0, C4<00000000>, C4<00000000>, C4<00000000>;
v000001ea667b34b0_0 .var "alu_result", 7 0;
v000001ea667b30e0_0 .net "clk_i", 0 0, v000001ea667e4960_0;  1 drivers
v000001ea667b36d0_0 .net "first_i", 7 0, v000001ea667e4a00_0;  1 drivers
v000001ea6679bca0_0 .net "opcode_i", 2 0, v000001ea667e4aa0_0;  1 drivers
v000001ea66798ff0_0 .net "result_o", 7 0, L_000001ea6679ad70;  alias, 1 drivers
v000001ea667e89e0_0 .var "result_reg", 7 0;
v000001ea667e8a80_0 .net "rst_i", 0 0, v000001ea667e4be0_0;  1 drivers
v000001ea667e48c0_0 .net "second_i", 7 0, v000001ea667e4c80_0;  1 drivers
E_000001ea667d52b0 .event posedge, v000001ea667b30e0_0;
E_000001ea667d56f0 .event anyedge, v000001ea6679bca0_0, v000001ea667b36d0_0, v000001ea667e48c0_0;
    .scope S_000001ea667e8850;
T_0 ;
    %wait E_000001ea667d56f0;
    %load/vec4 v000001ea6679bca0_0;
    %dup/vec4;
    %pushi/vec4 0, 0, 3;
    %cmp/u;
    %jmp/1 T_0.0, 6;
    %dup/vec4;
    %pushi/vec4 1, 0, 3;
    %cmp/u;
    %jmp/1 T_0.1, 6;
    %dup/vec4;
    %pushi/vec4 2, 0, 3;
    %cmp/u;
    %jmp/1 T_0.2, 6;
    %dup/vec4;
    %pushi/vec4 3, 0, 3;
    %cmp/u;
    %jmp/1 T_0.3, 6;
    %dup/vec4;
    %pushi/vec4 4, 0, 3;
    %cmp/u;
    %jmp/1 T_0.4, 6;
    %dup/vec4;
    %pushi/vec4 5, 0, 3;
    %cmp/u;
    %jmp/1 T_0.5, 6;
    %dup/vec4;
    %pushi/vec4 6, 0, 3;
    %cmp/u;
    %jmp/1 T_0.6, 6;
    %dup/vec4;
    %pushi/vec4 7, 0, 3;
    %cmp/u;
    %jmp/1 T_0.7, 6;
    %pushi/vec4 0, 0, 8;
    %store/vec4 v000001ea667b34b0_0, 0, 8;
    %jmp T_0.9;
T_0.0 ;
    %load/vec4 v000001ea667b36d0_0;
    %load/vec4 v000001ea667e48c0_0;
    %and;
    %inv;
    %store/vec4 v000001ea667b34b0_0, 0, 8;
    %jmp T_0.9;
T_0.1 ;
    %load/vec4 v000001ea667b36d0_0;
    %load/vec4 v000001ea667e48c0_0;
    %xor;
    %store/vec4 v000001ea667b34b0_0, 0, 8;
    %jmp T_0.9;
T_0.2 ;
    %load/vec4 v000001ea667b36d0_0;
    %load/vec4 v000001ea667e48c0_0;
    %add;
    %store/vec4 v000001ea667b34b0_0, 0, 8;
    %jmp T_0.9;
T_0.3 ;
    %load/vec4 v000001ea667b36d0_0;
    %ix/getv 4, v000001ea667e48c0_0;
    %shiftr/s 4;
    %store/vec4 v000001ea667b34b0_0, 0, 8;
    %jmp T_0.9;
T_0.4 ;
    %load/vec4 v000001ea667b36d0_0;
    %load/vec4 v000001ea667e48c0_0;
    %or;
    %store/vec4 v000001ea667b34b0_0, 0, 8;
    %jmp T_0.9;
T_0.5 ;
    %load/vec4 v000001ea667b36d0_0;
    %ix/getv 4, v000001ea667e48c0_0;
    %shiftl 4;
    %store/vec4 v000001ea667b34b0_0, 0, 8;
    %jmp T_0.9;
T_0.6 ;
    %load/vec4 v000001ea667b36d0_0;
    %inv;
    %store/vec4 v000001ea667b34b0_0, 0, 8;
    %jmp T_0.9;
T_0.7 ;
    %pushi/vec4 0, 0, 7;
    %load/vec4 v000001ea667b36d0_0;
    %load/vec4 v000001ea667e48c0_0;
    %cmp/u;
    %flag_get/vec4 5;
    %concat/vec4; draw_concat_vec4
    %store/vec4 v000001ea667b34b0_0, 0, 8;
    %jmp T_0.9;
T_0.9 ;
    %pop/vec4 1;
    %jmp T_0;
    .thread T_0, $push;
    .scope S_000001ea667e8850;
T_1 ;
    %wait E_000001ea667d52b0;
    %load/vec4 v000001ea667e8a80_0;
    %flag_set/vec4 8;
    %jmp/0xz  T_1.0, 8;
    %pushi/vec4 0, 0, 8;
    %assign/vec4 v000001ea667e89e0_0, 0;
    %jmp T_1.1;
T_1.0 ;
    %load/vec4 v000001ea667b34b0_0;
    %assign/vec4 v000001ea667e89e0_0, 0;
T_1.1 ;
    %jmp T_1;
    .thread T_1;
    .scope S_000001ea667e86c0;
T_2 ;
    %pushi/vec4 0, 0, 1;
    %store/vec4 v000001ea667e4960_0, 0, 1;
T_2.0 ;
    %delay 5000, 0;
    %load/vec4 v000001ea667e4960_0;
    %inv;
    %store/vec4 v000001ea667e4960_0, 0, 1;
    %jmp T_2.0;
    %end;
    .thread T_2;
    .scope S_000001ea667e86c0;
T_3 ;
    %vpi_call 2 25 "$dumpfile", "dump.vcd" {0 0 0};
    %vpi_call 2 26 "$dumpvars", 32'sb00000000000000000000000000000000, S_000001ea667e86c0 {0 0 0};
    %end;
    .thread T_3;
    .scope S_000001ea667e86c0;
T_4 ;
    %pushi/vec4 1, 0, 1;
    %store/vec4 v000001ea667e4be0_0, 0, 1;
    %pushi/vec4 0, 0, 8;
    %store/vec4 v000001ea667e4a00_0, 0, 8;
    %pushi/vec4 0, 0, 8;
    %store/vec4 v000001ea667e4c80_0, 0, 8;
    %pushi/vec4 0, 0, 3;
    %store/vec4 v000001ea667e4aa0_0, 0, 3;
    %delay 20000, 0;
    %pushi/vec4 0, 0, 1;
    %store/vec4 v000001ea667e4be0_0, 0, 1;
    %delay 10000, 0;
    %pushi/vec4 0, 0, 3;
    %store/vec4 v000001ea667e4aa0_0, 0, 3;
    %pushi/vec4 255, 0, 8;
    %store/vec4 v000001ea667e4a00_0, 0, 8;
    %pushi/vec4 170, 0, 8;
    %store/vec4 v000001ea667e4c80_0, 0, 8;
    %delay 10000, 0;
    %pushi/vec4 1, 0, 3;
    %store/vec4 v000001ea667e4aa0_0, 0, 3;
    %pushi/vec4 170, 0, 8;
    %store/vec4 v000001ea667e4a00_0, 0, 8;
    %pushi/vec4 85, 0, 8;
    %store/vec4 v000001ea667e4c80_0, 0, 8;
    %delay 10000, 0;
    %pushi/vec4 2, 0, 3;
    %store/vec4 v000001ea667e4aa0_0, 0, 3;
    %pushi/vec4 128, 0, 8;
    %store/vec4 v000001ea667e4a00_0, 0, 8;
    %pushi/vec4 127, 0, 8;
    %store/vec4 v000001ea667e4c80_0, 0, 8;
    %delay 10000, 0;
    %pushi/vec4 3, 0, 3;
    %store/vec4 v000001ea667e4aa0_0, 0, 3;
    %pushi/vec4 128, 0, 8;
    %store/vec4 v000001ea667e4a00_0, 0, 8;
    %pushi/vec4 3, 0, 8;
    %store/vec4 v000001ea667e4c80_0, 0, 8;
    %delay 10000, 0;
    %pushi/vec4 4, 0, 3;
    %store/vec4 v000001ea667e4aa0_0, 0, 3;
    %pushi/vec4 15, 0, 8;
    %store/vec4 v000001ea667e4a00_0, 0, 8;
    %pushi/vec4 240, 0, 8;
    %store/vec4 v000001ea667e4c80_0, 0, 8;
    %delay 10000, 0;
    %pushi/vec4 5, 0, 3;
    %store/vec4 v000001ea667e4aa0_0, 0, 3;
    %pushi/vec4 1, 0, 8;
    %store/vec4 v000001ea667e4a00_0, 0, 8;
    %pushi/vec4 3, 0, 8;
    %store/vec4 v000001ea667e4c80_0, 0, 8;
    %delay 10000, 0;
    %pushi/vec4 6, 0, 3;
    %store/vec4 v000001ea667e4aa0_0, 0, 3;
    %pushi/vec4 170, 0, 8;
    %store/vec4 v000001ea667e4a00_0, 0, 8;
    %delay 10000, 0;
    %pushi/vec4 7, 0, 3;
    %store/vec4 v000001ea667e4aa0_0, 0, 3;
    %pushi/vec4 16, 0, 8;
    %store/vec4 v000001ea667e4a00_0, 0, 8;
    %pushi/vec4 32, 0, 8;
    %store/vec4 v000001ea667e4c80_0, 0, 8;
    %delay 10000, 0;
    %pushi/vec4 2, 0, 3;
    %store/vec4 v000001ea667e4aa0_0, 0, 3;
    %pushi/vec4 255, 0, 8;
    %store/vec4 v000001ea667e4a00_0, 0, 8;
    %pushi/vec4 1, 0, 8;
    %store/vec4 v000001ea667e4c80_0, 0, 8;
    %delay 10000, 0;
    %pushi/vec4 5, 0, 3;
    %store/vec4 v000001ea667e4aa0_0, 0, 3;
    %pushi/vec4 1, 0, 8;
    %store/vec4 v000001ea667e4a00_0, 0, 8;
    %pushi/vec4 9, 0, 8;
    %store/vec4 v000001ea667e4c80_0, 0, 8;
    %delay 10000, 0;
    %pushi/vec4 2, 0, 3;
    %store/vec4 v000001ea667e4aa0_0, 0, 3;
    %pushi/vec4 18, 0, 8;
    %store/vec4 v000001ea667e4a00_0, 0, 8;
    %pushi/vec4 52, 0, 8;
    %store/vec4 v000001ea667e4c80_0, 0, 8;
    %delay 20000, 0;
    %vpi_call 2 104 "$finish" {0 0 0};
    %end;
    .thread T_4;
# The file index is used to find the file name in the following table.
:file_names 4;
    "N/A";
    "<interactive>";
    "C:\Users\User\Documents\GitHub\Sber\second task\Fast\alu_register_tb.v";
    "C:\Users\User\Documents\GitHub\Sber\second task\Fast\alu_register.v";
